253 [main] DEBUG i.n.u.i.l.InternalLoggerFactory - Using SLF4J as the default logging framework
257 [main] DEBUG io.netty.util.ResourceLeakDetector - -Dio.netty.leakDetection.level: simple
257 [main] DEBUG io.netty.util.ResourceLeakDetector - -Dio.netty.leakDetection.targetRecords: 4
272 [main] DEBUG i.n.u.i.InternalThreadLocalMap - -Dio.netty.threadLocalMap.stringBuilder.initialSize: 1024
272 [main] DEBUG i.n.u.i.InternalThreadLocalMap - -Dio.netty.threadLocalMap.stringBuilder.maxSize: 4096
278 [main] DEBUG i.n.c.MultithreadEventLoopGroup - -Dio.netty.eventLoopThreads: 16
315 [main] DEBUG io.netty.channel.nio.NioEventLoop - -Dio.netty.noKeySetOptimization: false
315 [main] DEBUG io.netty.channel.nio.NioEventLoop - -Dio.netty.selectorAutoRebuildThreshold: 512
332 [main] DEBUG i.n.util.internal.PlatformDependent - Platform: Windows
335 [main] DEBUG i.n.u.internal.PlatformDependent0 - -Dio.netty.noUnsafe: false
335 [main] DEBUG i.n.u.internal.PlatformDependent0 - Java version: 11
337 [main] DEBUG i.n.u.internal.PlatformDependent0 - sun.misc.Unsafe.theUnsafe: available
339 [main] DEBUG i.n.u.internal.PlatformDependent0 - sun.misc.Unsafe.copyMemory: available
340 [main] DEBUG i.n.u.internal.PlatformDependent0 - java.nio.Buffer.address: available
346 [main] DEBUG i.n.u.internal.PlatformDependent0 - direct buffer constructor: unavailable
java.lang.UnsupportedOperationException: Reflective setAccessible(true) disabled
	at io.netty.util.internal.ReflectionUtil.trySetAccessible(ReflectionUtil.java:31)
	at io.netty.util.internal.PlatformDependent0$4.run(PlatformDependent0.java:233)
	at java.base/java.security.AccessController.doPrivileged(Native Method)
	at io.netty.util.internal.PlatformDependent0.<clinit>(PlatformDependent0.java:227)
	at io.netty.util.internal.PlatformDependent.isAndroid(PlatformDependent.java:289)
	at io.netty.util.internal.PlatformDependent.<clinit>(PlatformDependent.java:92)
	at io.netty.channel.nio.NioEventLoop.newTaskQueue0(NioEventLoop.java:279)
	at io.netty.channel.nio.NioEventLoop.newTaskQueue(NioEventLoop.java:150)
	at io.netty.channel.nio.NioEventLoop.<init>(NioEventLoop.java:138)
	at io.netty.channel.nio.NioEventLoopGroup.newChild(NioEventLoopGroup.java:146)
	at io.netty.channel.nio.NioEventLoopGroup.newChild(NioEventLoopGroup.java:37)
	at io.netty.util.concurrent.MultithreadEventExecutorGroup.<init>(MultithreadEventExecutorGroup.java:84)
	at io.netty.util.concurrent.MultithreadEventExecutorGroup.<init>(MultithreadEventExecutorGroup.java:58)
	at io.netty.util.concurrent.MultithreadEventExecutorGroup.<init>(MultithreadEventExecutorGroup.java:47)
	at io.netty.channel.MultithreadEventLoopGroup.<init>(MultithreadEventLoopGroup.java:59)
	at io.netty.channel.nio.NioEventLoopGroup.<init>(NioEventLoopGroup.java:86)
	at io.netty.channel.nio.NioEventLoopGroup.<init>(NioEventLoopGroup.java:81)
	at io.netty.channel.nio.NioEventLoopGroup.<init>(NioEventLoopGroup.java:68)
	at io.vertx.core.net.impl.transport.Transport.eventLoopGroup(Transport.java:153)
	at io.vertx.core.impl.VertxImpl.<init>(VertxImpl.java:143)
	at io.vertx.core.impl.VertxImpl.vertx(VertxImpl.java:92)
	at io.vertx.core.impl.VertxFactoryImpl.vertx(VertxFactoryImpl.java:40)
	at io.vertx.core.impl.VertxFactoryImpl.vertx(VertxFactoryImpl.java:32)
	at io.vertx.core.impl.VertxFactoryImpl.vertx(VertxFactoryImpl.java:27)
	at io.vertx.core.Vertx.vertx(Vertx.java:75)
	at nl.geoipapp.MainKt.main(Main.kt:8)
348 [main] DEBUG i.n.u.internal.PlatformDependent0 - java.nio.Bits.unaligned: available, true
349 [main] DEBUG i.n.u.internal.PlatformDependent0 - jdk.internal.misc.Unsafe.allocateUninitializedArray(int): unavailable
java.lang.IllegalAccessException: class io.netty.util.internal.PlatformDependent0$6 cannot access class jdk.internal.misc.Unsafe (in module java.base) because module java.base does not export jdk.internal.misc to unnamed module @3f56875e
	at java.base/jdk.internal.reflect.Reflection.newIllegalAccessException(Reflection.java:361)
	at java.base/java.lang.reflect.AccessibleObject.checkAccess(AccessibleObject.java:591)
	at java.base/java.lang.reflect.Method.invoke(Method.java:558)
	at io.netty.util.internal.PlatformDependent0$6.run(PlatformDependent0.java:347)
	at java.base/java.security.AccessController.doPrivileged(Native Method)
	at io.netty.util.internal.PlatformDependent0.<clinit>(PlatformDependent0.java:338)
	at io.netty.util.internal.PlatformDependent.isAndroid(PlatformDependent.java:289)
	at io.netty.util.internal.PlatformDependent.<clinit>(PlatformDependent.java:92)
	at io.netty.channel.nio.NioEventLoop.newTaskQueue0(NioEventLoop.java:279)
	at io.netty.channel.nio.NioEventLoop.newTaskQueue(NioEventLoop.java:150)
	at io.netty.channel.nio.NioEventLoop.<init>(NioEventLoop.java:138)
	at io.netty.channel.nio.NioEventLoopGroup.newChild(NioEventLoopGroup.java:146)
	at io.netty.channel.nio.NioEventLoopGroup.newChild(NioEventLoopGroup.java:37)
	at io.netty.util.concurrent.MultithreadEventExecutorGroup.<init>(MultithreadEventExecutorGroup.java:84)
	at io.netty.util.concurrent.MultithreadEventExecutorGroup.<init>(MultithreadEventExecutorGroup.java:58)
	at io.netty.util.concurrent.MultithreadEventExecutorGroup.<init>(MultithreadEventExecutorGroup.java:47)
	at io.netty.channel.MultithreadEventLoopGroup.<init>(MultithreadEventLoopGroup.java:59)
	at io.netty.channel.nio.NioEventLoopGroup.<init>(NioEventLoopGroup.java:86)
	at io.netty.channel.nio.NioEventLoopGroup.<init>(NioEventLoopGroup.java:81)
	at io.netty.channel.nio.NioEventLoopGroup.<init>(NioEventLoopGroup.java:68)
	at io.vertx.core.net.impl.transport.Transport.eventLoopGroup(Transport.java:153)
	at io.vertx.core.impl.VertxImpl.<init>(VertxImpl.java:143)
	at io.vertx.core.impl.VertxImpl.vertx(VertxImpl.java:92)
	at io.vertx.core.impl.VertxFactoryImpl.vertx(VertxFactoryImpl.java:40)
	at io.vertx.core.impl.VertxFactoryImpl.vertx(VertxFactoryImpl.java:32)
	at io.vertx.core.impl.VertxFactoryImpl.vertx(VertxFactoryImpl.java:27)
	at io.vertx.core.Vertx.vertx(Vertx.java:75)
	at nl.geoipapp.MainKt.main(Main.kt:8)
349 [main] DEBUG i.n.u.internal.PlatformDependent0 - java.nio.DirectByteBuffer.<init>(long, int): unavailable
350 [main] DEBUG i.n.util.internal.PlatformDependent - sun.misc.Unsafe: available
376 [main] DEBUG i.n.util.internal.PlatformDependent - maxDirectMemory: 2103443456 bytes (maybe)
376 [main] DEBUG i.n.util.internal.PlatformDependent - -Dio.netty.tmpdir: C:\Users\User\AppData\Local\Temp (java.io.tmpdir)
377 [main] DEBUG i.n.util.internal.PlatformDependent - -Dio.netty.bitMode: 64 (sun.arch.data.model)
378 [main] DEBUG i.n.util.internal.PlatformDependent - -Dio.netty.maxDirectMemory: -1 bytes
379 [main] DEBUG i.n.util.internal.PlatformDependent - -Dio.netty.uninitializedArrayAllocationThreshold: -1
380 [main] DEBUG io.netty.util.internal.CleanerJava9 - java.nio.ByteBuffer.cleaner(): available
380 [main] DEBUG i.n.util.internal.PlatformDependent - -Dio.netty.noPreferDirect: false
387 [main] DEBUG i.n.util.internal.PlatformDependent - org.jctools-core.MpscChunkedArrayQueue: available
1044 [main] DEBUG i.n.r.d.DefaultDnsServerAddressStreamProvider - Default DNS servers: [/192.168.178.1:53, /8.8.8.8:53] (sun.net.dns.ResolverConfiguration)
1142 [vert.x-eventloop-thread-0] INFO  n.g.configuration.MainVerticle - Start setting up services
1151 [vert.x-eventloop-thread-0] INFO  n.g.configuration.MainVerticle - Completed setting up services
1151 [vert.x-eventloop-thread-0] INFO  n.g.configuration.MainVerticle - Start setting up event listeners
1151 [vert.x-eventloop-thread-0] INFO  n.g.configuration.MainVerticle - Completing setting up event listeners
1152 [vert.x-eventloop-thread-0] INFO  n.g.configuration.MainVerticle - Deploying verticle geoipapp.adapter.http.HttpServerVerticle
1160 [vert.x-eventloop-thread-1] INFO  g.adapter.http.HttpServerVerticle - Deployed routes
1191 [vert.x-eventloop-thread-1] INFO  g.adapter.http.HttpServerVerticle - Starting server at localhost:8080
1215 [vert.x-eventloop-thread-1] DEBUG i.n.buffer.PooledByteBufAllocator - -Dio.netty.allocator.numHeapArenas: 16
1215 [vert.x-eventloop-thread-1] DEBUG i.n.buffer.PooledByteBufAllocator - -Dio.netty.allocator.numDirectArenas: 16
1215 [vert.x-eventloop-thread-1] DEBUG i.n.buffer.PooledByteBufAllocator - -Dio.netty.allocator.pageSize: 8192
1216 [vert.x-eventloop-thread-1] DEBUG i.n.buffer.PooledByteBufAllocator - -Dio.netty.allocator.maxOrder: 11
1216 [vert.x-eventloop-thread-1] DEBUG i.n.buffer.PooledByteBufAllocator - -Dio.netty.allocator.chunkSize: 16777216
1216 [vert.x-eventloop-thread-1] DEBUG i.n.buffer.PooledByteBufAllocator - -Dio.netty.allocator.tinyCacheSize: 512
1216 [vert.x-eventloop-thread-1] DEBUG i.n.buffer.PooledByteBufAllocator - -Dio.netty.allocator.smallCacheSize: 256
1216 [vert.x-eventloop-thread-1] DEBUG i.n.buffer.PooledByteBufAllocator - -Dio.netty.allocator.normalCacheSize: 64
1216 [vert.x-eventloop-thread-1] DEBUG i.n.buffer.PooledByteBufAllocator - -Dio.netty.allocator.maxCachedBufferCapacity: 32768
1216 [vert.x-eventloop-thread-1] DEBUG i.n.buffer.PooledByteBufAllocator - -Dio.netty.allocator.cacheTrimInterval: 8192
1216 [vert.x-eventloop-thread-1] DEBUG i.n.buffer.PooledByteBufAllocator - -Dio.netty.allocator.cacheTrimIntervalMillis: 0
1216 [vert.x-eventloop-thread-1] DEBUG i.n.buffer.PooledByteBufAllocator - -Dio.netty.allocator.useCacheForAllThreads: true
1216 [vert.x-eventloop-thread-1] DEBUG i.n.buffer.PooledByteBufAllocator - -Dio.netty.allocator.maxCachedByteBuffersPerChunk: 1023
1260 [vert.x-eventloop-thread-1] DEBUG io.netty.util.NetUtil - -Djava.net.preferIPv4Stack: false
1261 [vert.x-eventloop-thread-1] DEBUG io.netty.util.NetUtil - -Djava.net.preferIPv6Addresses: false
1795 [vert.x-eventloop-thread-1] DEBUG io.netty.util.NetUtil - Loopback interface: lo (Software Loopback Interface 1, 127.0.0.1)
1796 [vert.x-eventloop-thread-1] DEBUG io.netty.util.NetUtil - Failed to get SOMAXCONN from sysctl and file \proc\sys\net\core\somaxconn. Default: 200
2369 [vert.x-eventloop-thread-1] DEBUG io.netty.channel.DefaultChannelId - -Dio.netty.processId: 57776 (auto-detected)
2934 [vert.x-eventloop-thread-1] DEBUG io.netty.channel.DefaultChannelId - -Dio.netty.machineId: 00:ff:89:ff:fe:e6:0e:e8 (auto-detected)
2950 [vert.x-eventloop-thread-1] DEBUG io.netty.buffer.ByteBufUtil - -Dio.netty.allocator.type: pooled
2951 [vert.x-eventloop-thread-1] DEBUG io.netty.buffer.ByteBufUtil - -Dio.netty.threadLocalDirectBufferSize: 0
2951 [vert.x-eventloop-thread-1] DEBUG io.netty.buffer.ByteBufUtil - -Dio.netty.maxThreadLocalCharBufferSize: 16384
2999 [vert.x-eventloop-thread-0] INFO  n.g.configuration.MainVerticle - Deployed verticle geoipapp.adapter.http.HttpServerVerticle
52683 [vert.x-eventloop-thread-1] DEBUG io.netty.util.Recycler - -Dio.netty.recycler.maxCapacityPerThread: 4096
52683 [vert.x-eventloop-thread-1] DEBUG io.netty.util.Recycler - -Dio.netty.recycler.maxSharedCapacityFactor: 2
52683 [vert.x-eventloop-thread-1] DEBUG io.netty.util.Recycler - -Dio.netty.recycler.linkCapacity: 16
52683 [vert.x-eventloop-thread-1] DEBUG io.netty.util.Recycler - -Dio.netty.recycler.ratio: 8
52689 [vert.x-eventloop-thread-1] DEBUG io.netty.buffer.AbstractByteBuf - -Dio.netty.buffer.checkAccessible: true
52689 [vert.x-eventloop-thread-1] DEBUG io.netty.buffer.AbstractByteBuf - -Dio.netty.buffer.checkBounds: true
52690 [vert.x-eventloop-thread-1] DEBUG i.n.u.ResourceLeakDetectorFactory - Loaded default ResourceLeakDetector: io.netty.util.ResourceLeakDetector@4d484307
52771 [vert.x-eventloop-thread-1] DEBUG i.n.h.c.c.ZlibCodecFactory - -Dio.netty.noJdkZlibDecoder: false
52771 [vert.x-eventloop-thread-1] DEBUG i.n.h.c.c.ZlibCodecFactory - -Dio.netty.noJdkZlibEncoder: false
241 [main] DEBUG i.n.u.i.l.InternalLoggerFactory - Using SLF4J as the default logging framework
244 [main] DEBUG io.netty.util.ResourceLeakDetector - -Dio.netty.leakDetection.level: simple
244 [main] DEBUG io.netty.util.ResourceLeakDetector - -Dio.netty.leakDetection.targetRecords: 4
257 [main] DEBUG i.n.u.i.InternalThreadLocalMap - -Dio.netty.threadLocalMap.stringBuilder.initialSize: 1024
257 [main] DEBUG i.n.u.i.InternalThreadLocalMap - -Dio.netty.threadLocalMap.stringBuilder.maxSize: 4096
264 [main] DEBUG i.n.c.MultithreadEventLoopGroup - -Dio.netty.eventLoopThreads: 16
285 [main] DEBUG io.netty.channel.nio.NioEventLoop - -Dio.netty.noKeySetOptimization: false
286 [main] DEBUG io.netty.channel.nio.NioEventLoop - -Dio.netty.selectorAutoRebuildThreshold: 512
304 [main] DEBUG i.n.util.internal.PlatformDependent - Platform: Windows
307 [main] DEBUG i.n.u.internal.PlatformDependent0 - -Dio.netty.noUnsafe: false
307 [main] DEBUG i.n.u.internal.PlatformDependent0 - Java version: 11
309 [main] DEBUG i.n.u.internal.PlatformDependent0 - sun.misc.Unsafe.theUnsafe: available
310 [main] DEBUG i.n.u.internal.PlatformDependent0 - sun.misc.Unsafe.copyMemory: available
311 [main] DEBUG i.n.u.internal.PlatformDependent0 - java.nio.Buffer.address: available
314 [main] DEBUG i.n.u.internal.PlatformDependent0 - direct buffer constructor: unavailable
java.lang.UnsupportedOperationException: Reflective setAccessible(true) disabled
	at io.netty.util.internal.ReflectionUtil.trySetAccessible(ReflectionUtil.java:31)
	at io.netty.util.internal.PlatformDependent0$4.run(PlatformDependent0.java:233)
	at java.base/java.security.AccessController.doPrivileged(Native Method)
	at io.netty.util.internal.PlatformDependent0.<clinit>(PlatformDependent0.java:227)
	at io.netty.util.internal.PlatformDependent.isAndroid(PlatformDependent.java:289)
	at io.netty.util.internal.PlatformDependent.<clinit>(PlatformDependent.java:92)
	at io.netty.channel.nio.NioEventLoop.newTaskQueue0(NioEventLoop.java:279)
	at io.netty.channel.nio.NioEventLoop.newTaskQueue(NioEventLoop.java:150)
	at io.netty.channel.nio.NioEventLoop.<init>(NioEventLoop.java:138)
	at io.netty.channel.nio.NioEventLoopGroup.newChild(NioEventLoopGroup.java:146)
	at io.netty.channel.nio.NioEventLoopGroup.newChild(NioEventLoopGroup.java:37)
	at io.netty.util.concurrent.MultithreadEventExecutorGroup.<init>(MultithreadEventExecutorGroup.java:84)
	at io.netty.util.concurrent.MultithreadEventExecutorGroup.<init>(MultithreadEventExecutorGroup.java:58)
	at io.netty.util.concurrent.MultithreadEventExecutorGroup.<init>(MultithreadEventExecutorGroup.java:47)
	at io.netty.channel.MultithreadEventLoopGroup.<init>(MultithreadEventLoopGroup.java:59)
	at io.netty.channel.nio.NioEventLoopGroup.<init>(NioEventLoopGroup.java:86)
	at io.netty.channel.nio.NioEventLoopGroup.<init>(NioEventLoopGroup.java:81)
	at io.netty.channel.nio.NioEventLoopGroup.<init>(NioEventLoopGroup.java:68)
	at io.vertx.core.net.impl.transport.Transport.eventLoopGroup(Transport.java:153)
	at io.vertx.core.impl.VertxImpl.<init>(VertxImpl.java:143)
	at io.vertx.core.impl.VertxImpl.vertx(VertxImpl.java:92)
	at io.vertx.core.impl.VertxFactoryImpl.vertx(VertxFactoryImpl.java:40)
	at io.vertx.core.impl.VertxFactoryImpl.vertx(VertxFactoryImpl.java:32)
	at io.vertx.core.impl.VertxFactoryImpl.vertx(VertxFactoryImpl.java:27)
	at io.vertx.core.Vertx.vertx(Vertx.java:75)
	at nl.geoipapp.MainKt.main(Main.kt:8)
315 [main] DEBUG i.n.u.internal.PlatformDependent0 - java.nio.Bits.unaligned: available, true
316 [main] DEBUG i.n.u.internal.PlatformDependent0 - jdk.internal.misc.Unsafe.allocateUninitializedArray(int): unavailable
java.lang.IllegalAccessException: class io.netty.util.internal.PlatformDependent0$6 cannot access class jdk.internal.misc.Unsafe (in module java.base) because module java.base does not export jdk.internal.misc to unnamed module @3f56875e
	at java.base/jdk.internal.reflect.Reflection.newIllegalAccessException(Reflection.java:361)
	at java.base/java.lang.reflect.AccessibleObject.checkAccess(AccessibleObject.java:591)
	at java.base/java.lang.reflect.Method.invoke(Method.java:558)
	at io.netty.util.internal.PlatformDependent0$6.run(PlatformDependent0.java:347)
	at java.base/java.security.AccessController.doPrivileged(Native Method)
	at io.netty.util.internal.PlatformDependent0.<clinit>(PlatformDependent0.java:338)
	at io.netty.util.internal.PlatformDependent.isAndroid(PlatformDependent.java:289)
	at io.netty.util.internal.PlatformDependent.<clinit>(PlatformDependent.java:92)
	at io.netty.channel.nio.NioEventLoop.newTaskQueue0(NioEventLoop.java:279)
	at io.netty.channel.nio.NioEventLoop.newTaskQueue(NioEventLoop.java:150)
	at io.netty.channel.nio.NioEventLoop.<init>(NioEventLoop.java:138)
	at io.netty.channel.nio.NioEventLoopGroup.newChild(NioEventLoopGroup.java:146)
	at io.netty.channel.nio.NioEventLoopGroup.newChild(NioEventLoopGroup.java:37)
	at io.netty.util.concurrent.MultithreadEventExecutorGroup.<init>(MultithreadEventExecutorGroup.java:84)
	at io.netty.util.concurrent.MultithreadEventExecutorGroup.<init>(MultithreadEventExecutorGroup.java:58)
	at io.netty.util.concurrent.MultithreadEventExecutorGroup.<init>(MultithreadEventExecutorGroup.java:47)
	at io.netty.channel.MultithreadEventLoopGroup.<init>(MultithreadEventLoopGroup.java:59)
	at io.netty.channel.nio.NioEventLoopGroup.<init>(NioEventLoopGroup.java:86)
	at io.netty.channel.nio.NioEventLoopGroup.<init>(NioEventLoopGroup.java:81)
	at io.netty.channel.nio.NioEventLoopGroup.<init>(NioEventLoopGroup.java:68)
	at io.vertx.core.net.impl.transport.Transport.eventLoopGroup(Transport.java:153)
	at io.vertx.core.impl.VertxImpl.<init>(VertxImpl.java:143)
	at io.vertx.core.impl.VertxImpl.vertx(VertxImpl.java:92)
	at io.vertx.core.impl.VertxFactoryImpl.vertx(VertxFactoryImpl.java:40)
	at io.vertx.core.impl.VertxFactoryImpl.vertx(VertxFactoryImpl.java:32)
	at io.vertx.core.impl.VertxFactoryImpl.vertx(VertxFactoryImpl.java:27)
	at io.vertx.core.Vertx.vertx(Vertx.java:75)
	at nl.geoipapp.MainKt.main(Main.kt:8)
317 [main] DEBUG i.n.u.internal.PlatformDependent0 - java.nio.DirectByteBuffer.<init>(long, int): unavailable
317 [main] DEBUG i.n.util.internal.PlatformDependent - sun.misc.Unsafe: available
336 [main] DEBUG i.n.util.internal.PlatformDependent - maxDirectMemory: 2103443456 bytes (maybe)
337 [main] DEBUG i.n.util.internal.PlatformDependent - -Dio.netty.tmpdir: C:\Users\User\AppData\Local\Temp (java.io.tmpdir)
337 [main] DEBUG i.n.util.internal.PlatformDependent - -Dio.netty.bitMode: 64 (sun.arch.data.model)
339 [main] DEBUG i.n.util.internal.PlatformDependent - -Dio.netty.maxDirectMemory: -1 bytes
339 [main] DEBUG i.n.util.internal.PlatformDependent - -Dio.netty.uninitializedArrayAllocationThreshold: -1
341 [main] DEBUG io.netty.util.internal.CleanerJava9 - java.nio.ByteBuffer.cleaner(): available
341 [main] DEBUG i.n.util.internal.PlatformDependent - -Dio.netty.noPreferDirect: false
349 [main] DEBUG i.n.util.internal.PlatformDependent - org.jctools-core.MpscChunkedArrayQueue: available
1021 [main] DEBUG i.n.r.d.DefaultDnsServerAddressStreamProvider - Default DNS servers: [/192.168.178.1:53, /8.8.8.8:53] (sun.net.dns.ResolverConfiguration)
1124 [vert.x-eventloop-thread-0] INFO  n.g.configuration.MainVerticle - Start setting up services
1134 [vert.x-eventloop-thread-0] INFO  n.g.configuration.MainVerticle - Completed setting up services
1134 [vert.x-eventloop-thread-0] INFO  n.g.configuration.MainVerticle - Start setting up event listeners
1135 [vert.x-eventloop-thread-0] INFO  n.g.configuration.MainVerticle - Completing setting up event listeners
1136 [vert.x-eventloop-thread-0] INFO  n.g.configuration.MainVerticle - Deploying verticle geoipapp.adapter.http.HttpServerVerticle
1144 [vert.x-eventloop-thread-1] INFO  g.adapter.http.HttpServerVerticle - Deployed routes
1174 [vert.x-eventloop-thread-1] INFO  g.adapter.http.HttpServerVerticle - Starting server at localhost:8080
1201 [vert.x-eventloop-thread-1] DEBUG i.n.buffer.PooledByteBufAllocator - -Dio.netty.allocator.numHeapArenas: 16
1201 [vert.x-eventloop-thread-1] DEBUG i.n.buffer.PooledByteBufAllocator - -Dio.netty.allocator.numDirectArenas: 16
1201 [vert.x-eventloop-thread-1] DEBUG i.n.buffer.PooledByteBufAllocator - -Dio.netty.allocator.pageSize: 8192
1202 [vert.x-eventloop-thread-1] DEBUG i.n.buffer.PooledByteBufAllocator - -Dio.netty.allocator.maxOrder: 11
1202 [vert.x-eventloop-thread-1] DEBUG i.n.buffer.PooledByteBufAllocator - -Dio.netty.allocator.chunkSize: 16777216
1202 [vert.x-eventloop-thread-1] DEBUG i.n.buffer.PooledByteBufAllocator - -Dio.netty.allocator.tinyCacheSize: 512
1202 [vert.x-eventloop-thread-1] DEBUG i.n.buffer.PooledByteBufAllocator - -Dio.netty.allocator.smallCacheSize: 256
1202 [vert.x-eventloop-thread-1] DEBUG i.n.buffer.PooledByteBufAllocator - -Dio.netty.allocator.normalCacheSize: 64
1202 [vert.x-eventloop-thread-1] DEBUG i.n.buffer.PooledByteBufAllocator - -Dio.netty.allocator.maxCachedBufferCapacity: 32768
1202 [vert.x-eventloop-thread-1] DEBUG i.n.buffer.PooledByteBufAllocator - -Dio.netty.allocator.cacheTrimInterval: 8192
1202 [vert.x-eventloop-thread-1] DEBUG i.n.buffer.PooledByteBufAllocator - -Dio.netty.allocator.cacheTrimIntervalMillis: 0
1202 [vert.x-eventloop-thread-1] DEBUG i.n.buffer.PooledByteBufAllocator - -Dio.netty.allocator.useCacheForAllThreads: true
1202 [vert.x-eventloop-thread-1] DEBUG i.n.buffer.PooledByteBufAllocator - -Dio.netty.allocator.maxCachedByteBuffersPerChunk: 1023
1246 [vert.x-eventloop-thread-1] DEBUG io.netty.util.NetUtil - -Djava.net.preferIPv4Stack: false
1246 [vert.x-eventloop-thread-1] DEBUG io.netty.util.NetUtil - -Djava.net.preferIPv6Addresses: false
1777 [vert.x-eventloop-thread-1] DEBUG io.netty.util.NetUtil - Loopback interface: lo (Software Loopback Interface 1, 127.0.0.1)
1778 [vert.x-eventloop-thread-1] DEBUG io.netty.util.NetUtil - Failed to get SOMAXCONN from sysctl and file \proc\sys\net\core\somaxconn. Default: 200
2347 [vert.x-eventloop-thread-1] DEBUG io.netty.channel.DefaultChannelId - -Dio.netty.processId: 58588 (auto-detected)
2912 [vert.x-eventloop-thread-1] DEBUG io.netty.channel.DefaultChannelId - -Dio.netty.machineId: 00:ff:89:ff:fe:e6:0e:e8 (auto-detected)
2935 [vert.x-eventloop-thread-1] DEBUG io.netty.buffer.ByteBufUtil - -Dio.netty.allocator.type: pooled
2935 [vert.x-eventloop-thread-1] DEBUG io.netty.buffer.ByteBufUtil - -Dio.netty.threadLocalDirectBufferSize: 0
2935 [vert.x-eventloop-thread-1] DEBUG io.netty.buffer.ByteBufUtil - -Dio.netty.maxThreadLocalCharBufferSize: 16384
2989 [vert.x-eventloop-thread-0] INFO  n.g.configuration.MainVerticle - Deployed verticle geoipapp.adapter.http.HttpServerVerticle
7549 [vert.x-eventloop-thread-1] DEBUG io.netty.util.Recycler - -Dio.netty.recycler.maxCapacityPerThread: 4096
7551 [vert.x-eventloop-thread-1] DEBUG io.netty.util.Recycler - -Dio.netty.recycler.maxSharedCapacityFactor: 2
7551 [vert.x-eventloop-thread-1] DEBUG io.netty.util.Recycler - -Dio.netty.recycler.linkCapacity: 16
7551 [vert.x-eventloop-thread-1] DEBUG io.netty.util.Recycler - -Dio.netty.recycler.ratio: 8
7559 [vert.x-eventloop-thread-1] DEBUG io.netty.buffer.AbstractByteBuf - -Dio.netty.buffer.checkAccessible: true
7560 [vert.x-eventloop-thread-1] DEBUG io.netty.buffer.AbstractByteBuf - -Dio.netty.buffer.checkBounds: true
7560 [vert.x-eventloop-thread-1] DEBUG i.n.u.ResourceLeakDetectorFactory - Loaded default ResourceLeakDetector: io.netty.util.ResourceLeakDetector@1c091cf4
7663 [vert.x-eventloop-thread-1] DEBUG i.n.h.c.c.ZlibCodecFactory - -Dio.netty.noJdkZlibDecoder: false
7663 [vert.x-eventloop-thread-1] DEBUG i.n.h.c.c.ZlibCodecFactory - -Dio.netty.noJdkZlibEncoder: false
7693 [vert.x-eventloop-thread-1] ERROR g.adapter.http.HttpServerVerticle - Error while handling route /api/countries/NL: 
io.vertx.serviceproxy.ServiceException: Not found
	at nl.geoipapp.repository.CountryRepositoryVertxProxyHandler.lambda$handle$2(CountryRepositoryVertxProxyHandler.java:140)
	at nl.geoipapp.repository.InMemoryCountryRepository.findCountry(InMemoryCountryRepository.kt:24)
	at nl.geoipapp.repository.CountryRepositoryVertxProxyHandler.handle(CountryRepositoryVertxProxyHandler.java:134)
	at nl.geoipapp.repository.CountryRepositoryVertxProxyHandler.handle(CountryRepositoryVertxProxyHandler.java:54)
	at io.vertx.core.eventbus.impl.HandlerRegistration.deliver(HandlerRegistration.java:278)
	at io.vertx.core.eventbus.impl.HandlerRegistration.handle(HandlerRegistration.java:264)
	at io.vertx.core.eventbus.impl.EventBusImpl$InboundDeliveryContext.next(EventBusImpl.java:567)
	at io.vertx.core.eventbus.impl.EventBusImpl.lambda$deliverToHandler$4(EventBusImpl.java:527)
	at io.vertx.core.impl.ContextImpl.executeTask(ContextImpl.java:366)
	at io.vertx.core.impl.EventLoopContext.lambda$executeAsync$0(EventLoopContext.java:38)
	at io.netty.util.concurrent.AbstractEventExecutor.safeExecute(AbstractEventExecutor.java:164)
	at io.netty.util.concurrent.SingleThreadEventExecutor.runAllTasks(SingleThreadEventExecutor.java:472)
	at io.netty.channel.nio.NioEventLoop.run(NioEventLoop.java:500)
	at io.netty.util.concurrent.SingleThreadEventExecutor$4.run(SingleThreadEventExecutor.java:989)
	at io.netty.util.internal.ThreadExecutorMap$2.run(ThreadExecutorMap.java:74)
	at io.netty.util.concurrent.FastThreadLocalRunnable.run(FastThreadLocalRunnable.java:30)
	at java.base/java.lang.Thread.run(Thread.java:834)
8833 [vert.x-eventloop-thread-1] ERROR g.adapter.http.HttpServerVerticle - Error while handling route /api/countries/NL: 
io.vertx.serviceproxy.ServiceException: Not found
	at nl.geoipapp.repository.CountryRepositoryVertxProxyHandler.lambda$handle$2(CountryRepositoryVertxProxyHandler.java:140)
	at nl.geoipapp.repository.InMemoryCountryRepository.findCountry(InMemoryCountryRepository.kt:24)
	at nl.geoipapp.repository.CountryRepositoryVertxProxyHandler.handle(CountryRepositoryVertxProxyHandler.java:134)
	at nl.geoipapp.repository.CountryRepositoryVertxProxyHandler.handle(CountryRepositoryVertxProxyHandler.java:54)
	at io.vertx.core.eventbus.impl.HandlerRegistration.deliver(HandlerRegistration.java:278)
	at io.vertx.core.eventbus.impl.HandlerRegistration.handle(HandlerRegistration.java:264)
	at io.vertx.core.eventbus.impl.EventBusImpl$InboundDeliveryContext.next(EventBusImpl.java:567)
	at io.vertx.core.eventbus.impl.EventBusImpl.lambda$deliverToHandler$4(EventBusImpl.java:527)
	at io.vertx.core.impl.ContextImpl.executeTask(ContextImpl.java:366)
	at io.vertx.core.impl.EventLoopContext.lambda$executeAsync$0(EventLoopContext.java:38)
	at io.netty.util.concurrent.AbstractEventExecutor.safeExecute(AbstractEventExecutor.java:164)
	at io.netty.util.concurrent.SingleThreadEventExecutor.runAllTasks(SingleThreadEventExecutor.java:472)
	at io.netty.channel.nio.NioEventLoop.run(NioEventLoop.java:500)
	at io.netty.util.concurrent.SingleThreadEventExecutor$4.run(SingleThreadEventExecutor.java:989)
	at io.netty.util.internal.ThreadExecutorMap$2.run(ThreadExecutorMap.java:74)
	at io.netty.util.concurrent.FastThreadLocalRunnable.run(FastThreadLocalRunnable.java:30)
	at java.base/java.lang.Thread.run(Thread.java:834)
9838 [vert.x-eventloop-thread-1] ERROR g.adapter.http.HttpServerVerticle - Error while handling route /api/countries/NL: 
io.vertx.serviceproxy.ServiceException: Not found
	at nl.geoipapp.repository.CountryRepositoryVertxProxyHandler.lambda$handle$2(CountryRepositoryVertxProxyHandler.java:140)
	at nl.geoipapp.repository.InMemoryCountryRepository.findCountry(InMemoryCountryRepository.kt:24)
	at nl.geoipapp.repository.CountryRepositoryVertxProxyHandler.handle(CountryRepositoryVertxProxyHandler.java:134)
	at nl.geoipapp.repository.CountryRepositoryVertxProxyHandler.handle(CountryRepositoryVertxProxyHandler.java:54)
	at io.vertx.core.eventbus.impl.HandlerRegistration.deliver(HandlerRegistration.java:278)
	at io.vertx.core.eventbus.impl.HandlerRegistration.handle(HandlerRegistration.java:264)
	at io.vertx.core.eventbus.impl.EventBusImpl$InboundDeliveryContext.next(EventBusImpl.java:567)
	at io.vertx.core.eventbus.impl.EventBusImpl.lambda$deliverToHandler$4(EventBusImpl.java:527)
	at io.vertx.core.impl.ContextImpl.executeTask(ContextImpl.java:366)
	at io.vertx.core.impl.EventLoopContext.lambda$executeAsync$0(EventLoopContext.java:38)
	at io.netty.util.concurrent.AbstractEventExecutor.safeExecute(AbstractEventExecutor.java:164)
	at io.netty.util.concurrent.SingleThreadEventExecutor.runAllTasks(SingleThreadEventExecutor.java:472)
	at io.netty.channel.nio.NioEventLoop.run(NioEventLoop.java:500)
	at io.netty.util.concurrent.SingleThreadEventExecutor$4.run(SingleThreadEventExecutor.java:989)
	at io.netty.util.internal.ThreadExecutorMap$2.run(ThreadExecutorMap.java:74)
	at io.netty.util.concurrent.FastThreadLocalRunnable.run(FastThreadLocalRunnable.java:30)
	at java.base/java.lang.Thread.run(Thread.java:834)
246 [main] DEBUG i.n.u.i.l.InternalLoggerFactory - Using SLF4J as the default logging framework
249 [main] DEBUG io.netty.util.ResourceLeakDetector - -Dio.netty.leakDetection.level: simple
250 [main] DEBUG io.netty.util.ResourceLeakDetector - -Dio.netty.leakDetection.targetRecords: 4
263 [main] DEBUG i.n.u.i.InternalThreadLocalMap - -Dio.netty.threadLocalMap.stringBuilder.initialSize: 1024
263 [main] DEBUG i.n.u.i.InternalThreadLocalMap - -Dio.netty.threadLocalMap.stringBuilder.maxSize: 4096
270 [main] DEBUG i.n.c.MultithreadEventLoopGroup - -Dio.netty.eventLoopThreads: 16
293 [main] DEBUG io.netty.channel.nio.NioEventLoop - -Dio.netty.noKeySetOptimization: false
294 [main] DEBUG io.netty.channel.nio.NioEventLoop - -Dio.netty.selectorAutoRebuildThreshold: 512
314 [main] DEBUG i.n.util.internal.PlatformDependent - Platform: Windows
316 [main] DEBUG i.n.u.internal.PlatformDependent0 - -Dio.netty.noUnsafe: false
317 [main] DEBUG i.n.u.internal.PlatformDependent0 - Java version: 11
320 [main] DEBUG i.n.u.internal.PlatformDependent0 - sun.misc.Unsafe.theUnsafe: available
322 [main] DEBUG i.n.u.internal.PlatformDependent0 - sun.misc.Unsafe.copyMemory: available
322 [main] DEBUG i.n.u.internal.PlatformDependent0 - java.nio.Buffer.address: available
328 [main] DEBUG i.n.u.internal.PlatformDependent0 - direct buffer constructor: unavailable
java.lang.UnsupportedOperationException: Reflective setAccessible(true) disabled
	at io.netty.util.internal.ReflectionUtil.trySetAccessible(ReflectionUtil.java:31)
	at io.netty.util.internal.PlatformDependent0$4.run(PlatformDependent0.java:233)
	at java.base/java.security.AccessController.doPrivileged(Native Method)
	at io.netty.util.internal.PlatformDependent0.<clinit>(PlatformDependent0.java:227)
	at io.netty.util.internal.PlatformDependent.isAndroid(PlatformDependent.java:289)
	at io.netty.util.internal.PlatformDependent.<clinit>(PlatformDependent.java:92)
	at io.netty.channel.nio.NioEventLoop.newTaskQueue0(NioEventLoop.java:279)
	at io.netty.channel.nio.NioEventLoop.newTaskQueue(NioEventLoop.java:150)
	at io.netty.channel.nio.NioEventLoop.<init>(NioEventLoop.java:138)
	at io.netty.channel.nio.NioEventLoopGroup.newChild(NioEventLoopGroup.java:146)
	at io.netty.channel.nio.NioEventLoopGroup.newChild(NioEventLoopGroup.java:37)
	at io.netty.util.concurrent.MultithreadEventExecutorGroup.<init>(MultithreadEventExecutorGroup.java:84)
	at io.netty.util.concurrent.MultithreadEventExecutorGroup.<init>(MultithreadEventExecutorGroup.java:58)
	at io.netty.util.concurrent.MultithreadEventExecutorGroup.<init>(MultithreadEventExecutorGroup.java:47)
	at io.netty.channel.MultithreadEventLoopGroup.<init>(MultithreadEventLoopGroup.java:59)
	at io.netty.channel.nio.NioEventLoopGroup.<init>(NioEventLoopGroup.java:86)
	at io.netty.channel.nio.NioEventLoopGroup.<init>(NioEventLoopGroup.java:81)
	at io.netty.channel.nio.NioEventLoopGroup.<init>(NioEventLoopGroup.java:68)
	at io.vertx.core.net.impl.transport.Transport.eventLoopGroup(Transport.java:153)
	at io.vertx.core.impl.VertxImpl.<init>(VertxImpl.java:143)
	at io.vertx.core.impl.VertxImpl.vertx(VertxImpl.java:92)
	at io.vertx.core.impl.VertxFactoryImpl.vertx(VertxFactoryImpl.java:40)
	at io.vertx.core.impl.VertxFactoryImpl.vertx(VertxFactoryImpl.java:32)
	at io.vertx.core.impl.VertxFactoryImpl.vertx(VertxFactoryImpl.java:27)
	at io.vertx.core.Vertx.vertx(Vertx.java:75)
	at nl.geoipapp.MainKt.main(Main.kt:8)
329 [main] DEBUG i.n.u.internal.PlatformDependent0 - java.nio.Bits.unaligned: available, true
330 [main] DEBUG i.n.u.internal.PlatformDependent0 - jdk.internal.misc.Unsafe.allocateUninitializedArray(int): unavailable
java.lang.IllegalAccessException: class io.netty.util.internal.PlatformDependent0$6 cannot access class jdk.internal.misc.Unsafe (in module java.base) because module java.base does not export jdk.internal.misc to unnamed module @3f56875e
	at java.base/jdk.internal.reflect.Reflection.newIllegalAccessException(Reflection.java:361)
	at java.base/java.lang.reflect.AccessibleObject.checkAccess(AccessibleObject.java:591)
	at java.base/java.lang.reflect.Method.invoke(Method.java:558)
	at io.netty.util.internal.PlatformDependent0$6.run(PlatformDependent0.java:347)
	at java.base/java.security.AccessController.doPrivileged(Native Method)
	at io.netty.util.internal.PlatformDependent0.<clinit>(PlatformDependent0.java:338)
	at io.netty.util.internal.PlatformDependent.isAndroid(PlatformDependent.java:289)
	at io.netty.util.internal.PlatformDependent.<clinit>(PlatformDependent.java:92)
	at io.netty.channel.nio.NioEventLoop.newTaskQueue0(NioEventLoop.java:279)
	at io.netty.channel.nio.NioEventLoop.newTaskQueue(NioEventLoop.java:150)
	at io.netty.channel.nio.NioEventLoop.<init>(NioEventLoop.java:138)
	at io.netty.channel.nio.NioEventLoopGroup.newChild(NioEventLoopGroup.java:146)
	at io.netty.channel.nio.NioEventLoopGroup.newChild(NioEventLoopGroup.java:37)
	at io.netty.util.concurrent.MultithreadEventExecutorGroup.<init>(MultithreadEventExecutorGroup.java:84)
	at io.netty.util.concurrent.MultithreadEventExecutorGroup.<init>(MultithreadEventExecutorGroup.java:58)
	at io.netty.util.concurrent.MultithreadEventExecutorGroup.<init>(MultithreadEventExecutorGroup.java:47)
	at io.netty.channel.MultithreadEventLoopGroup.<init>(MultithreadEventLoopGroup.java:59)
	at io.netty.channel.nio.NioEventLoopGroup.<init>(NioEventLoopGroup.java:86)
	at io.netty.channel.nio.NioEventLoopGroup.<init>(NioEventLoopGroup.java:81)
	at io.netty.channel.nio.NioEventLoopGroup.<init>(NioEventLoopGroup.java:68)
	at io.vertx.core.net.impl.transport.Transport.eventLoopGroup(Transport.java:153)
	at io.vertx.core.impl.VertxImpl.<init>(VertxImpl.java:143)
	at io.vertx.core.impl.VertxImpl.vertx(VertxImpl.java:92)
	at io.vertx.core.impl.VertxFactoryImpl.vertx(VertxFactoryImpl.java:40)
	at io.vertx.core.impl.VertxFactoryImpl.vertx(VertxFactoryImpl.java:32)
	at io.vertx.core.impl.VertxFactoryImpl.vertx(VertxFactoryImpl.java:27)
	at io.vertx.core.Vertx.vertx(Vertx.java:75)
	at nl.geoipapp.MainKt.main(Main.kt:8)
331 [main] DEBUG i.n.u.internal.PlatformDependent0 - java.nio.DirectByteBuffer.<init>(long, int): unavailable
331 [main] DEBUG i.n.util.internal.PlatformDependent - sun.misc.Unsafe: available
351 [main] DEBUG i.n.util.internal.PlatformDependent - maxDirectMemory: 2103443456 bytes (maybe)
351 [main] DEBUG i.n.util.internal.PlatformDependent - -Dio.netty.tmpdir: C:\Users\User\AppData\Local\Temp (java.io.tmpdir)
352 [main] DEBUG i.n.util.internal.PlatformDependent - -Dio.netty.bitMode: 64 (sun.arch.data.model)
356 [main] DEBUG i.n.util.internal.PlatformDependent - -Dio.netty.maxDirectMemory: -1 bytes
356 [main] DEBUG i.n.util.internal.PlatformDependent - -Dio.netty.uninitializedArrayAllocationThreshold: -1
358 [main] DEBUG io.netty.util.internal.CleanerJava9 - java.nio.ByteBuffer.cleaner(): available
359 [main] DEBUG i.n.util.internal.PlatformDependent - -Dio.netty.noPreferDirect: false
367 [main] DEBUG i.n.util.internal.PlatformDependent - org.jctools-core.MpscChunkedArrayQueue: available
1081 [main] DEBUG i.n.r.d.DefaultDnsServerAddressStreamProvider - Default DNS servers: [/192.168.178.1:53, /8.8.8.8:53] (sun.net.dns.ResolverConfiguration)
1177 [vert.x-eventloop-thread-0] INFO  n.g.configuration.MainVerticle - Start setting up services
1188 [vert.x-eventloop-thread-0] INFO  n.g.configuration.MainVerticle - Completed setting up services
1189 [vert.x-eventloop-thread-0] INFO  n.g.configuration.MainVerticle - Start setting up event listeners
1189 [vert.x-eventloop-thread-0] INFO  n.g.configuration.MainVerticle - Completing setting up event listeners
1190 [vert.x-eventloop-thread-0] INFO  n.g.configuration.MainVerticle - Deploying verticle geoipapp.adapter.http.HttpServerVerticle
1224 [vert.x-eventloop-thread-1] INFO  g.adapter.http.HttpServerVerticle - Starting server at localhost:8080
1247 [vert.x-eventloop-thread-1] DEBUG i.n.buffer.PooledByteBufAllocator - -Dio.netty.allocator.numHeapArenas: 16
1247 [vert.x-eventloop-thread-1] DEBUG i.n.buffer.PooledByteBufAllocator - -Dio.netty.allocator.numDirectArenas: 16
1248 [vert.x-eventloop-thread-1] DEBUG i.n.buffer.PooledByteBufAllocator - -Dio.netty.allocator.pageSize: 8192
1248 [vert.x-eventloop-thread-1] DEBUG i.n.buffer.PooledByteBufAllocator - -Dio.netty.allocator.maxOrder: 11
1248 [vert.x-eventloop-thread-1] DEBUG i.n.buffer.PooledByteBufAllocator - -Dio.netty.allocator.chunkSize: 16777216
1248 [vert.x-eventloop-thread-1] DEBUG i.n.buffer.PooledByteBufAllocator - -Dio.netty.allocator.tinyCacheSize: 512
1248 [vert.x-eventloop-thread-1] DEBUG i.n.buffer.PooledByteBufAllocator - -Dio.netty.allocator.smallCacheSize: 256
1248 [vert.x-eventloop-thread-1] DEBUG i.n.buffer.PooledByteBufAllocator - -Dio.netty.allocator.normalCacheSize: 64
1248 [vert.x-eventloop-thread-1] DEBUG i.n.buffer.PooledByteBufAllocator - -Dio.netty.allocator.maxCachedBufferCapacity: 32768
1248 [vert.x-eventloop-thread-1] DEBUG i.n.buffer.PooledByteBufAllocator - -Dio.netty.allocator.cacheTrimInterval: 8192
1248 [vert.x-eventloop-thread-1] DEBUG i.n.buffer.PooledByteBufAllocator - -Dio.netty.allocator.cacheTrimIntervalMillis: 0
1248 [vert.x-eventloop-thread-1] DEBUG i.n.buffer.PooledByteBufAllocator - -Dio.netty.allocator.useCacheForAllThreads: true
1248 [vert.x-eventloop-thread-1] DEBUG i.n.buffer.PooledByteBufAllocator - -Dio.netty.allocator.maxCachedByteBuffersPerChunk: 1023
1290 [vert.x-eventloop-thread-1] DEBUG io.netty.util.NetUtil - -Djava.net.preferIPv4Stack: false
1290 [vert.x-eventloop-thread-1] DEBUG io.netty.util.NetUtil - -Djava.net.preferIPv6Addresses: false
1835 [vert.x-eventloop-thread-1] DEBUG io.netty.util.NetUtil - Loopback interface: lo (Software Loopback Interface 1, 127.0.0.1)
1836 [vert.x-eventloop-thread-1] DEBUG io.netty.util.NetUtil - Failed to get SOMAXCONN from sysctl and file \proc\sys\net\core\somaxconn. Default: 200
2407 [vert.x-eventloop-thread-1] DEBUG io.netty.channel.DefaultChannelId - -Dio.netty.processId: 59116 (auto-detected)
3034 [vert.x-eventloop-thread-1] DEBUG io.netty.channel.DefaultChannelId - -Dio.netty.machineId: 00:ff:89:ff:fe:e6:0e:e8 (auto-detected)
3053 [vert.x-eventloop-thread-1] DEBUG io.netty.buffer.ByteBufUtil - -Dio.netty.allocator.type: pooled
3053 [vert.x-eventloop-thread-1] DEBUG io.netty.buffer.ByteBufUtil - -Dio.netty.threadLocalDirectBufferSize: 0
3053 [vert.x-eventloop-thread-1] DEBUG io.netty.buffer.ByteBufUtil - -Dio.netty.maxThreadLocalCharBufferSize: 16384
3108 [vert.x-eventloop-thread-0] INFO  n.g.configuration.MainVerticle - Deployed verticle geoipapp.adapter.http.HttpServerVerticle
5712 [vert.x-eventloop-thread-1] DEBUG io.netty.util.Recycler - -Dio.netty.recycler.maxCapacityPerThread: 4096
5712 [vert.x-eventloop-thread-1] DEBUG io.netty.util.Recycler - -Dio.netty.recycler.maxSharedCapacityFactor: 2
5712 [vert.x-eventloop-thread-1] DEBUG io.netty.util.Recycler - -Dio.netty.recycler.linkCapacity: 16
5712 [vert.x-eventloop-thread-1] DEBUG io.netty.util.Recycler - -Dio.netty.recycler.ratio: 8
5719 [vert.x-eventloop-thread-1] DEBUG io.netty.buffer.AbstractByteBuf - -Dio.netty.buffer.checkAccessible: true
5719 [vert.x-eventloop-thread-1] DEBUG io.netty.buffer.AbstractByteBuf - -Dio.netty.buffer.checkBounds: true
5720 [vert.x-eventloop-thread-1] DEBUG i.n.u.ResourceLeakDetectorFactory - Loaded default ResourceLeakDetector: io.netty.util.ResourceLeakDetector@4d484307
5806 [vert.x-eventloop-thread-1] DEBUG i.n.h.c.c.ZlibCodecFactory - -Dio.netty.noJdkZlibDecoder: false
5807 [vert.x-eventloop-thread-1] DEBUG i.n.h.c.c.ZlibCodecFactory - -Dio.netty.noJdkZlibEncoder: false
